xrun: 24.09-s001: (c) Copyright 1995-2024 Cadence Design Systems, Inc.
TOOL:	xrun	24.09-s001: Started on Mar 16, 2026 at 16:53:28 IST
xrun
	+define+DUMP_ON
	+define+CADENCE
	-incdir /scratch/users/sdash/Async-FIFO-/verif/tb/
	-f /scratch/users/sdash/Async-FIFO-/rtl/sig_async_fifo_flst.f
		/scratch/users/sdash/Async-FIFO-/rtl/synchronizer.sv
		/scratch/users/sdash/Async-FIFO-/rtl/fifo_memory.sv
		/scratch/users/sdash/Async-FIFO-/rtl/wrptr_handler.sv
		/scratch/users/sdash/Async-FIFO-/rtl/rdptr_handler.sv
		/scratch/users/sdash/Async-FIFO-/rtl/fifo_top.sv
	-f /scratch/users/sdash/Async-FIFO-/verif/tb/sig_async_fifo_simple_tb.f
		/scratch/users/sdash/Async-FIFO-/verif/tb/fifo_tb_top.sv
	-svseed 1234
	+nowarn_AAMNSD
	+access+rw
	-disable_sem2009
	+sv
	+timescale+1ns/1ps
	+TEST_NAME=all

   User defined plus("+") options:
	+timescale+1ns/1ps
	+TEST_NAME=all

file: /scratch/users/sdash/Async-FIFO-/rtl/synchronizer.sv
	module worklib.synchronizer:sv
		errors: 0, warnings: 0
file: /scratch/users/sdash/Async-FIFO-/rtl/fifo_memory.sv
	module worklib.fifo_mem:sv
		errors: 0, warnings: 0
file: /scratch/users/sdash/Async-FIFO-/rtl/wrptr_handler.sv
	module worklib.wptr_handler:sv
		errors: 0, warnings: 0
file: /scratch/users/sdash/Async-FIFO-/rtl/rdptr_handler.sv
	module worklib.rptr_handler:sv
		errors: 0, warnings: 0
file: /scratch/users/sdash/Async-FIFO-/rtl/fifo_top.sv
	module worklib.asynchronous_fifo:sv
		errors: 0, warnings: 0
file: /scratch/users/sdash/Async-FIFO-/verif/tb/fifo_tb_top.sv
	interface worklib.fifo_if:sv
		errors: 0, warnings: 0
	module worklib.fifo_tb_top:sv
		errors: 0, warnings: 0
		Caching library 'worklib' ....... Done
	Elaborating the design hierarchy:
	Top level design units:
		$unit_0x51e6d5c6
		fifo_tb_top
	Building instance overlay tables: .................... Done
	Generating native compiled code:
		worklib.fifo_mem:sv <0x4e15cb53>
			streams:   4, words:  1441
		worklib.rptr_handler:sv <0x2e50eb22>
			streams:   8, words:  1843
		worklib.wptr_handler:sv <0x5ddbf0f3>
			streams:   8, words:  1871
		worklib.synchronizer:sv <0x448cf010>
			streams:   3, words:   700
		worklib.asynchronous_fifo:sv <0x59062f5b>
			streams:  17, words:  2788
		worklib.fifo_tb_top:sv <0x7c7451cd>
			streams:  27, words: 45678
		worklib.\$unit_0x51e6d5c6 :compilation_unit <0x1693aa52>
			streams:   6, words:  5091
		worklib.\$unit_0x51e6d5c6 :compilation_unit <0x3a758c2c>
			streams:   6, words:  7709
		worklib.\$unit_0x51e6d5c6 :compilation_unit <0x52c231ff>
			streams:  10, words: 10898
		worklib.\$unit_0x51e6d5c6 :compilation_unit <0x59ffea7b>
			streams:   6, words: 10034
		worklib.\$unit_0x51e6d5c6 :compilation_unit <0x235b703a>
			streams:   6, words:  4835
		worklib.\$unit_0x51e6d5c6 :compilation_unit <0x327790b1>
			streams:   6, words: 26288
		worklib.\$unit_0x51e6d5c6 :compilation_unit <0x45cb061d>
			streams:   6, words: 44151
		worklib.\$unit_0x51e6d5c6 :compilation_unit <0x066f76a8>
			streams:   8, words: 19503
		worklib.\$unit_0x51e6d5c6 :compilation_unit <0x0c239504>
			streams:  20, words: 33268
		worklib.\$unit_0x51e6d5c6 :compilation_unit <0x52c6f63f>
			streams:  12, words: 10997
		worklib.\$unit_0x51e6d5c6 :compilation_unit <0x7d6cce1f>
			streams:  12, words: 35776
		worklib.\$unit_0x51e6d5c6 :compilation_unit <0x0c15dd5c>
			streams:  12, words: 12029
		worklib.\$unit_0x51e6d5c6 :compilation_unit <0x133a3768>
			streams:  15, words: 18123
		worklib.\$unit_0x51e6d5c6 :compilation_unit <0x6810e478>
			streams:   7, words:  1796
		worklib.\$unit_0x51e6d5c6 :compilation_unit <0x182611d7>
			streams:   0, words:     0
	Building instance specific data structures.
	Loading native compiled code:     .................... Done
	Design hierarchy summary:
		                     Instances  Unique
		Modules:                     7       6
		Interfaces:                  1       1
		Registers:                 162     194
		Scalar wires:               18       -
		Vectored wires:             29       -
		Always blocks:              10       9
		Initial blocks:              8       8
		Parallel blocks:             9       9
		Cont. assignments:           6       6
		Pseudo assignments:         27       -
		Compilation units:           1       1
		SV Class declarations:      15      15
		SV Class specializations:   15      15
		Process Clocks:              8       4
		Simulation timescale:      1ps
	Writing initial simulation snapshot: worklib.fifo_tb_top:sv
Loading snapshot worklib.fifo_tb_top:sv .................... Done
SVSEED set from command line: 1234
xcelium> source /tools/cadence/Products/XCELIUM2409/tools/xcelium/files/xmsimrc
xcelium> run

  ########################################################################
    ASYNC FIFO - SIMPLIFIED TESTBENCH
    WIDTH=64  DEPTH=8
  ########################################################################
  Running: all

  +----------------------------------------------------------------------+
  |  START: test_basic_rw                                               |
  +----------------------------------------------------------------------+

  --- Part A: Write 8 random values, read all back ---
[SCB] PASS #1 @ 176000: Data=0x6965364f86fbde29
[SCB] PASS #2 @ 189000: Data=0xf92a1b262c6d8ac5
[SCB] PASS #3 @ 202000: Data=0xdc1d92b293f949dc
[SCB] PASS #4 @ 215000: Data=0x055fec2afd69d9db
[SCB] PASS #5 @ 228000: Data=0xa3b6bc6dca350151
[SCB] PASS #6 @ 241000: Data=0x9b24755d123998e3
[SCB] PASS #7 @ 254000: Data=0x6df3af9433f02d1d
[SCB] PASS #8 @ 267000: Data=0x932e7112df329fb5
[WARN] wait_drain timed out after 5000 ns
  --- Part B: Single entry write and read ---
[SCB] PASS #9 @ 5168000: Data=0xdeadbeefcafebabe
  --- Part C: Alternating write-read (20 pairs) ---
[SCB] PASS #10 @ 5623000: Data=0x891f7e6753923fc9
[SCB] PASS #11 @ 6065000: Data=0x73d1057d2970f10c
[SCB] PASS #12 @ 6520000: Data=0x9069c1c683853bf8
[SCB] PASS #13 @ 6975000: Data=0x568ae9dd610b67fe
[SCB] PASS #14 @ 7404000: Data=0xc0d6d9a4c666e138
[SCB] PASS #15 @ 7846000: Data=0x4a01a0c3d64e52e7
[SCB] PASS #16 @ 8301000: Data=0x9a1555ce25555c0a
[SCB] PASS #17 @ 8756000: Data=0xe759439b147bf30f
[SCB] PASS #18 @ 9185000: Data=0xffcc116c949bc429
[SCB] PASS #19 @ 9640000: Data=0x1b6889f66d78b0fc
[SCB] PASS #20 @ 10095000: Data=0x169b46a15a91a0f8
[SCB] PASS #21 @ 10524000: Data=0x4fa4ca80db75de7f
[SCB] PASS #22 @ 10966000: Data=0xe6fce97560013d3b
[SCB] PASS #23 @ 11421000: Data=0x0980f0f9d1e409e1
[SCB] PASS #24 @ 11876000: Data=0xaf4c59b487a03a84
[SCB] PASS #25 @ 12305000: Data=0x843db2f5891496b4
[SCB] PASS #26 @ 12760000: Data=0x017a7ae72d6abf93
[SCB] PASS #27 @ 13215000: Data=0x69df71b46a535a50
[SCB] PASS #28 @ 13644000: Data=0x6cbedbfe8695329e
[SCB] PASS #29 @ 14086000: Data=0xa3d552a1c168fe14

  ==========================================================================
    SCOREBOARD REPORT  test_basic_rw
  ==========================================================================
    Writes seen   : 29
    Reads seen    : 29
    Queue residual: 0  (should be 0)
    PASSED        : 29
    FAILED        : 0
  --------------------------------------------------------------------------
    RESULT >> ** PASSED **
  ==========================================================================
  +----------------------------------------------------------------------+
  |  DONE:  test_basic_rw                                        [PASS]  |
  +----------------------------------------------------------------------+

  +----------------------------------------------------------------------+
  |  START: test_fill_drain_wrap                                        |
  +----------------------------------------------------------------------+

  --- Part A: Fill to full, drain to empty ---
[WARN] wait_drain timed out after 5000 ns
  [FLAG] OK:   fifo_full = 1 @ 19566000
[SCB] PASS #1 @ 19598000: Data=0x3193b9b3538951b9
[SCB] PASS #2 @ 19611000: Data=0xe9124d53ddadc5aa
[SCB] PASS #3 @ 19624000: Data=0x36c188089fb60865
[SCB] PASS #4 @ 19637000: Data=0x459605780d742a45
[SCB] PASS #5 @ 19650000: Data=0x94d33eb0a9006719
[SCB] PASS #6 @ 19663000: Data=0xd198a60c1e929663
[SCB] PASS #7 @ 19676000: Data=0xba8cc7f3c4f77718
[SCB] PASS #8 @ 19689000: Data=0xf67e15154a561070
[WARN] wait_drain timed out after 5000 ns
  [FLAG] OK:   fifo_empty = 1 @ 24566000
  --- Part B: 3x fill-drain cycles (pointer wrap) ---
    Cycle 0
[SCB] PASS #9 @ 24668000: Data=0xd3bb93bb7d8f930f
[SCB] PASS #10 @ 24681000: Data=0x3cb1467cd0e3f275
[SCB] PASS #11 @ 24694000: Data=0x881d97757367a070
[SCB] PASS #12 @ 24707000: Data=0x5238068b93816a4f
[SCB] PASS #13 @ 24720000: Data=0x3283702b210c43e9
[SCB] PASS #14 @ 24733000: Data=0xb08378cdcc31eec1
[SCB] PASS #15 @ 24746000: Data=0x167001a3c30045cf
[SCB] PASS #16 @ 24759000: Data=0x1a0fe991fcc9bea2
[WARN] wait_drain timed out after 5000 ns
    Cycle 1
[SCB] PASS #17 @ 29673000: Data=0xb1d821f7b7938d85
[SCB] PASS #18 @ 29686000: Data=0x84316d5344a108e0
[SCB] PASS #19 @ 29699000: Data=0x99897c71219e6bcd
[SCB] PASS #20 @ 29712000: Data=0xe171cc6467568b5a
[SCB] PASS #21 @ 29725000: Data=0x3be96234e0aa73db
[SCB] PASS #22 @ 29738000: Data=0x4eb0bda6b6dfb054
[SCB] PASS #23 @ 29751000: Data=0x45d4cf29fa5a8d37
[SCB] PASS #24 @ 29764000: Data=0xe1d577e897e09522
[WARN] wait_drain timed out after 5000 ns
    Cycle 2
[SCB] PASS #25 @ 34665000: Data=0x403c38ffc0d317a4
[SCB] PASS #26 @ 34678000: Data=0xfcc14f4c57bd89e9
[SCB] PASS #27 @ 34691000: Data=0x9d0d68bd96875f7f
[SCB] PASS #28 @ 34704000: Data=0x0823783f151641b5
[SCB] PASS #29 @ 34717000: Data=0x481488255cdaccad
[SCB] PASS #30 @ 34730000: Data=0xc6df00a5f6713a9c
[SCB] PASS #31 @ 34743000: Data=0xfcfbfb76361e4d7a
[SCB] PASS #32 @ 34756000: Data=0xeeef48112f886da5
[WARN] wait_drain timed out after 5000 ns
  --- Part C: Depth boundary interleave ---
[SCB] PASS #33 @ 39670000: Data=0x4ab4336162244cbd
[WARN] wait_drain timed out after 5000 ns
[WARN] wait_drain timed out after 5000 ns
  [FLAG] OK:   fifo_full = 1 @ 49566000
[SCB] PASS #34 @ 49602000: Data=0x43118975d1381359
[SCB] PASS #35 @ 49615000: Data=0xd736fb8574ba310c
[SCB] PASS #36 @ 49628000: Data=0x74dddbaf3022258a
[SCB] PASS #37 @ 49641000: Data=0x639610fcb2389794
[SCB] PASS #38 @ 49654000: Data=0xefde8da353e4a568
[SCB] PASS #39 @ 49667000: Data=0x2b7eb2e01f722ef1
[SCB] PASS #40 @ 49680000: Data=0x0b2fab96f88b56e2
[SCB] PASS #41 @ 49693000: Data=0x95b89fdb4aad81d1
[WARN] wait_drain timed out after 5000 ns

  ==========================================================================
    SCOREBOARD REPORT  test_fill_drain_wrap
  ==========================================================================
    Writes seen   : 41
    Reads seen    : 41
    Queue residual: 0  (should be 0)
    PASSED        : 41
    FAILED        : 0
  --------------------------------------------------------------------------
    RESULT >> ** PASSED **
  ==========================================================================
  +----------------------------------------------------------------------+
  |  DONE:  test_fill_drain_wrap                                 [PASS]  |
  +----------------------------------------------------------------------+

  +----------------------------------------------------------------------+
  |  START: test_burst_streaming                                        |
  +----------------------------------------------------------------------+

  --- Part A: Burst write 8, then burst read ---
[WARN] wait_drain timed out after 5000 ns
[SCB] PASS #1 @ 59729000: Data=0x8b341810cb942567
[SCB] PASS #2 @ 59742000: Data=0x83ef747828ae0123
[SCB] PASS #3 @ 59755000: Data=0xb5b2c26cc9054fe5
[SCB] PASS #4 @ 59768000: Data=0x2cf711d0cb37ca5a
[SCB] PASS #5 @ 59781000: Data=0x2f69265a7bd73289
[SCB] PASS #6 @ 59794000: Data=0x1a4f05aa5f3dc8e5
[SCB] PASS #7 @ 59807000: Data=0x8c7b408da7060f5b
[SCB] PASS #8 @ 59820000: Data=0x583183e0296237c2
[WARN] wait_drain timed out after 5000 ns
  --- Part B: Simultaneous writes and reads ---
[WARN] wait_drain timed out after 5000 ns
[SCB] PASS #9 @ 69726000: Data=0xf59cfc03b6f02953
[SCB] PASS #10 @ 69739000: Data=0x6584904a0a639f4c
[SCB] PASS #11 @ 69752000: Data=0x6de8ef6ee3384a40
[SCB] PASS #12 @ 69765000: Data=0xec348cac41e6bd44
[SCB] PASS #13 @ 69778000: Data=0xf445c45b28a11b16
[SCB] PASS #14 @ 69791000: Data=0xf279af8b88145e53
[SCB] PASS #15 @ 69804000: Data=0x5f185870ff74fc9f
[SCB] PASS #16 @ 69817000: Data=0x6a6b9cb52912da7d
[SCB] PASS #17 @ 69830000: Data=0xd4f02cb1d10c739e
[SCB] PASS #18 @ 69843000: Data=0x86e66133c8a4d35d
[SCB] PASS #19 @ 69856000: Data=0x0c8f1424cb0283bd
[SCB] PASS #20 @ 69869000: Data=0x928a4c8e7114aac8
[SCB] PASS #21 @ 69882000: Data=0x856c1b5f07f019fd
[SCB] PASS #22 @ 69895000: Data=0xc351f75fe9b59543
[SCB] PASS #23 @ 69908000: Data=0x2963b7156033c9d1
[SCB] PASS #24 @ 69921000: Data=0xdd18d37f01f8f2de
[SCB] PASS #25 @ 69934000: Data=0x7c37982eeb8285fa
[SCB] PASS #26 @ 69947000: Data=0xa525232c2ff7ab6b
[SCB] PASS #27 @ 69960000: Data=0xadb07aad7f46e6ea
[SCB] PASS #28 @ 69973000: Data=0x4870697e01caf1bd
[SCB] PASS #29 @ 69986000: Data=0x4a72a75bc493defa
[SCB] PASS #30 @ 69999000: Data=0x3c1473f59453c607
[SCB] PASS #31 @ 70012000: Data=0x5a224586917d6aef
[WARN] wait_drain timed out after 5000 ns
  --- Part C: Continuous streaming (100 writes, 100 reads) ---
[WARN] wait_drain timed out after 5000 ns
[SCB] PASS #32 @ 79723000: Data=0xe534afa45d0134d0
[SCB] PASS #33 @ 79736000: Data=0xfcb0fe1b4afc15ea
[SCB] PASS #34 @ 79749000: Data=0xc6dcb2da84231413
[SCB] PASS #35 @ 79762000: Data=0x028bb0d7468585ee
[SCB] PASS #36 @ 79775000: Data=0x784993311c49fd7f
[SCB] PASS #37 @ 79788000: Data=0x7957ebc062fe02f1
[SCB] PASS #38 @ 79801000: Data=0x01f67dda66c4853b
[SCB] PASS #39 @ 79814000: Data=0x77e203b9e875ec66
[SCB] PASS #40 @ 79827000: Data=0x2121a65c848400b6
[SCB] PASS #41 @ 79840000: Data=0x3a3554fbcb0b0a67
[SCB] PASS #42 @ 79853000: Data=0x134588ece0785d9a
[SCB] PASS #43 @ 79866000: Data=0xc18f341befc25747
[SCB] PASS #44 @ 79879000: Data=0x424bfd7b43ce4406
[SCB] PASS #45 @ 79892000: Data=0xe037db25dce6c479
[SCB] PASS #46 @ 79905000: Data=0x21aa6bef15d0fe36
[SCB] PASS #47 @ 79918000: Data=0xf3c3d2edef475b22
[SCB] PASS #48 @ 79931000: Data=0x414e33baffe57767
[SCB] PASS #49 @ 79944000: Data=0x37e0f838d9b9073d
[SCB] PASS #50 @ 79957000: Data=0xeac2a1e690fab5a8
[SCB] PASS #51 @ 79970000: Data=0x09c397f19ad7dcda
[SCB] PASS #52 @ 79983000: Data=0xe32ec6fd89534e5e
[SCB] PASS #53 @ 79996000: Data=0xdb05bf7ee95624ab
[SCB] PASS #54 @ 80009000: Data=0xd5e5d7ccbda8d19d
[SCB] PASS #55 @ 80022000: Data=0x4e63ead9a795425e
[SCB] PASS #56 @ 80035000: Data=0x09eef45fb1990c11
[SCB] PASS #57 @ 80048000: Data=0xb974d55fa3e7f138
[SCB] PASS #58 @ 80061000: Data=0x9137c3588ec926b8
[SCB] PASS #59 @ 80074000: Data=0x8e098e31fefbfd9a
[SCB] PASS #60 @ 80087000: Data=0x0b19fca409841d49
[SCB] PASS #61 @ 80100000: Data=0x77732f58b88e862a
[SCB] PASS #62 @ 80113000: Data=0xb4cfa05243c1c434
[SCB] PASS #63 @ 80126000: Data=0xa28024f52612ffae
[SCB] PASS #64 @ 80139000: Data=0x239dd035092395e9
[SCB] PASS #65 @ 80152000: Data=0x9f87a838ed92e840
[SCB] PASS #66 @ 80165000: Data=0x819b77c941d0f67c
[SCB] PASS #67 @ 80178000: Data=0xa03415b49cf39f89
[SCB] PASS #68 @ 80191000: Data=0xdc5e2703befafa73
[SCB] PASS #69 @ 80204000: Data=0x250c0758a514b19a
[SCB] PASS #70 @ 80217000: Data=0x0fb5de872e508990
[SCB] PASS #71 @ 80230000: Data=0x05c5e4b773622e5b
[SCB] PASS #72 @ 80243000: Data=0xd3c503ce5e8ab669
[SCB] PASS #73 @ 80256000: Data=0xb5f51285c64a44dd
[SCB] PASS #74 @ 80269000: Data=0xeb2dee97f1706373
[SCB] PASS #75 @ 80282000: Data=0xc22a2554d8a9b6c8
[SCB] PASS #76 @ 80295000: Data=0xf8a30e15c72ae116
[SCB] PASS #77 @ 80308000: Data=0xca6c1347d109c220
[SCB] PASS #78 @ 80321000: Data=0x1c7c42d7a23e046e
[SCB] PASS #79 @ 80334000: Data=0x8f873fef0a8bf604
[SCB] PASS #80 @ 80347000: Data=0x5a78fa1cd61bbc7e
[SCB] PASS #81 @ 80360000: Data=0xc58b980c17e62c80
[SCB] PASS #82 @ 80373000: Data=0x1b9b4e69001cac6c
[SCB] PASS #83 @ 80386000: Data=0xcf25b3af231eafdc
[SCB] PASS #84 @ 80399000: Data=0x27bc71ad22552ffc
[SCB] PASS #85 @ 80412000: Data=0x26fa3345faecc48e
[SCB] PASS #86 @ 80425000: Data=0x3daa90dd9b38a49c
[SCB] PASS #87 @ 80438000: Data=0xb17aeb43ed475af1
[SCB] PASS #88 @ 80451000: Data=0x11f0a13c8eca4509
[SCB] PASS #89 @ 80464000: Data=0x99154acf24ec1ded
[SCB] PASS #90 @ 80477000: Data=0x1bf09e7178d6bf67
[SCB] PASS #91 @ 80490000: Data=0xb3eeb4a7a9120ae6
[SCB] PASS #92 @ 80503000: Data=0x72860d52e8bc926c
[SCB] PASS #93 @ 80516000: Data=0x06069129074a2068
[SCB] PASS #94 @ 80529000: Data=0xbed28996b120970d
[SCB] PASS #95 @ 80542000: Data=0xfbf664c59cb02751
[SCB] PASS #96 @ 80555000: Data=0xcb731c1a6ecaebe6
[SCB] PASS #97 @ 80568000: Data=0x5850e82a311579d6
[SCB] PASS #98 @ 80581000: Data=0xda8785c96745099f
[SCB] PASS #99 @ 80594000: Data=0x3c84956df7a07909
[SCB] PASS #100 @ 80607000: Data=0xba7b96c6f58b3596
[SCB] PASS #101 @ 80620000: Data=0x7aaf3abc4b97fdee
[SCB] PASS #102 @ 80633000: Data=0x1dd3172babb4d3a1
[SCB] PASS #103 @ 80646000: Data=0xf0d91e3a92e8f68e
[SCB] PASS #104 @ 80659000: Data=0x88ff4adaa1317947
[SCB] PASS #105 @ 80672000: Data=0x84e87adaf054cfc1
[SCB] PASS #106 @ 80685000: Data=0x09f611369d33bce6
[SCB] PASS #107 @ 80698000: Data=0x21873c5ee279e5ac
[SCB] PASS #108 @ 80711000: Data=0x41f5b709f28b81b8
[SCB] PASS #109 @ 80724000: Data=0x67ac13150f1c2ad8
[SCB] PASS #110 @ 80737000: Data=0xe41e231ae8724f3f
[SCB] PASS #111 @ 80750000: Data=0x4b30a0e958185d54
[SCB] PASS #112 @ 80763000: Data=0x7258440a090828ac
[SCB] PASS #113 @ 80776000: Data=0x2eb8693d6d6e8088
[SCB] PASS #114 @ 80789000: Data=0xf47e5cbfd743cbfc
[SCB] PASS #115 @ 80802000: Data=0x9a926d0e06353231
[SCB] PASS #116 @ 80815000: Data=0x3df5e8be856f5281
[SCB] PASS #117 @ 80828000: Data=0x36807f8b88bdfbb5
[SCB] PASS #118 @ 80841000: Data=0xe76299d20c190de7
[SCB] PASS #119 @ 80854000: Data=0xcd74a40da4e3b065
[SCB] PASS #120 @ 80867000: Data=0xb96720550a23f97c
[SCB] PASS #121 @ 80880000: Data=0xcafa347dc1083b3d
[SCB] PASS #122 @ 80893000: Data=0x1ae8891e50015b99
[SCB] PASS #123 @ 80906000: Data=0x29c6ce2deb87c93e
[SCB] PASS #124 @ 80919000: Data=0x61bcf298342e324c
[SCB] PASS #125 @ 80932000: Data=0x70924f6b01952d1c
[SCB] PASS #126 @ 80945000: Data=0xde9fc4ff39625574
[WARN] wait_drain timed out after 5000 ns

  ==========================================================================
    SCOREBOARD REPORT  test_burst_streaming
  ==========================================================================
    Writes seen   : 126
    Reads seen    : 126
    Queue residual: 0  (should be 0)
    PASSED        : 126
    FAILED        : 0
  --------------------------------------------------------------------------
    RESULT >> ** PASSED **
  ==========================================================================
  +----------------------------------------------------------------------+
  |  DONE:  test_burst_streaming                                 [PASS]  |
  +----------------------------------------------------------------------+

  +----------------------------------------------------------------------+
  |  START: test_flag_behavior                                          |
  +----------------------------------------------------------------------+

  --- Part A: Full flag timing (write one at a time) ---
  [FLAG] OK:   fifo_full after 1 writes = 0 @ 85274000
  [FLAG] OK:   fifo_full after 2 writes = 0 @ 85716000
  [FLAG] OK:   fifo_full after 3 writes = 0 @ 86171000
  [FLAG] OK:   fifo_full after 4 writes = 0 @ 86613000
  [FLAG] OK:   fifo_full after 5 writes = 0 @ 87055000
  [FLAG] OK:   fifo_full after 6 writes = 0 @ 87497000
  [FLAG] OK:   fifo_full after 7 writes = 0 @ 87952000
  [FLAG] OK:   fifo_full after DEPTH writes = 1 @ 88394000
  --- Part B: Full flag clears after 1 read ---
[SCB] PASS #1 @ 88433000: Data=0x2b5b79590a8544e7
  [FLAG] OK:   fifo_full after 1 read = 0 @ 88836000
[SCB] PASS #2 @ 88875000: Data=0xb9f80458a6f83da0
[SCB] PASS #3 @ 88888000: Data=0x062cdf7f99b874a3
[SCB] PASS #4 @ 88901000: Data=0x8d3d6c05e555d11a
[SCB] PASS #5 @ 88914000: Data=0xaeeb5d4ec8e65db1
[SCB] PASS #6 @ 88927000: Data=0x6e1db5a11a3dd75c
[SCB] PASS #7 @ 88940000: Data=0x5a68d1c6d44df7dd
[SCB] PASS #8 @ 88953000: Data=0x265f516547a45dc6
[WARN] wait_drain timed out after 5000 ns
  --- Part C: Empty flag timing (read one at a time) ---
[WARN] wait_drain timed out after 5000 ns
  [FLAG] OK:   fifo_empty after 0 reads = 0 @ 98836000
[SCB] PASS #9 @ 98872000: Data=0x08a1a117dd8cbfba
  [FLAG] OK:   fifo_empty after 1 reads = 0 @ 99288000
[SCB] PASS #10 @ 99327000: Data=0xb49df9dcab4b145e
  [FLAG] OK:   fifo_empty after 2 reads = 0 @ 99743000
[SCB] PASS #11 @ 99782000: Data=0xd15e473f24dce22c
  [FLAG] OK:   fifo_empty after 3 reads = 0 @ 100185000
[SCB] PASS #12 @ 100224000: Data=0xdd25520aab7cb5c6
  [FLAG] OK:   fifo_empty after 4 reads = 0 @ 100627000
[SCB] PASS #13 @ 100666000: Data=0x7b1604234b1849f6
  [FLAG] OK:   fifo_empty after 5 reads = 0 @ 101082000
[SCB] PASS #14 @ 101121000: Data=0x21bf3ca476f142d7
  [FLAG] OK:   fifo_empty after 6 reads = 0 @ 101524000
[SCB] PASS #15 @ 101563000: Data=0x3d26627416b8e77f
[SCB] PASS #16 @ 102005000: Data=0x5d3b6cc5d0708843
  [FLAG] OK:   fifo_empty after DEPTH reads = 1 @ 102421000
  --- Part D: Empty flag clears after 1 write ---
  [FLAG] OK:   fifo_empty after 1 write = 0 @ 102863000
[SCB] PASS #17 @ 102902000: Data=0x7b423bbdce7a07c9

  ==========================================================================
    SCOREBOARD REPORT  test_flag_behavior
  ==========================================================================
    Writes seen   : 17
    Reads seen    : 17
    Queue residual: 0  (should be 0)
    PASSED        : 17
    FAILED        : 0
  --------------------------------------------------------------------------
    RESULT >> ** PASSED **
  ==========================================================================
  +----------------------------------------------------------------------+
  |  DONE:  test_flag_behavior                                   [PASS]  |
  +----------------------------------------------------------------------+

  +----------------------------------------------------------------------+
  |  START: test_data_integrity                                         |
  +----------------------------------------------------------------------+

  --- Writing 8 specific bit patterns ---
  --- Reading back all 8 patterns ---
[SCB] PASS #1 @ 103526000: Data=0x0000000000000000
[SCB] PASS #2 @ 103539000: Data=0xffffffffffffffff
[SCB] PASS #3 @ 103552000: Data=0xaaaaaaaaaaaaaaaa
[SCB] PASS #4 @ 103565000: Data=0x5555555555555555
[SCB] PASS #5 @ 103578000: Data=0x0000000000000001
[SCB] PASS #6 @ 103591000: Data=0x8000000000000000
[SCB] PASS #7 @ 103604000: Data=0xfffffffffffffffe
[SCB] PASS #8 @ 103617000: Data=0x7fffffffffffffff
[WARN] wait_drain timed out after 5000 ns

  ==========================================================================
    SCOREBOARD REPORT  test_data_integrity
  ==========================================================================
    Writes seen   : 8
    Reads seen    : 8
    Queue residual: 0  (should be 0)
    PASSED        : 8
    FAILED        : 0
  --------------------------------------------------------------------------
    RESULT >> ** PASSED **
  ==========================================================================
  +----------------------------------------------------------------------+
  |  DONE:  test_data_integrity                                  [PASS]  |
  +----------------------------------------------------------------------+

  +----------------------------------------------------------------------+
  |  START: test_overflow_underflow                                     |
  +----------------------------------------------------------------------+

  --- Part A: Single overflow attempt ---
[WARN] wait_drain timed out after 5000 ns
  [FLAG] OK:   fifo_full before overflow = 1 @ 113556000
[SCB] PASS #1 @ 113614000: Data=0x3e902666c6ba0240
[SCB] PASS #2 @ 113627000: Data=0x6b570f6588b2322a
[SCB] PASS #3 @ 113640000: Data=0x71358e72aa0a212c
[SCB] PASS #4 @ 113653000: Data=0x5e161ef20bb478c0
[SCB] PASS #5 @ 113666000: Data=0x317aadbf68d4189c
[SCB] PASS #6 @ 113679000: Data=0x7065e8c0ab9837bb
[SCB] PASS #7 @ 113692000: Data=0x31ec1edd1dd82d13
[SCB] PASS #8 @ 113705000: Data=0xdcb9ddaa6451bc8d
[WARN] wait_drain timed out after 5000 ns
  --- Part B: 10 back-to-back overflow writes ---
[WARN] wait_drain timed out after 5000 ns
[SCB] PASS #9 @ 123806000: Data=0x22599e6aa15d5bea
[SCB] PASS #10 @ 123819000: Data=0x88980034d1232065
[SCB] PASS #11 @ 123832000: Data=0x704e23ef80c83a04
[SCB] PASS #12 @ 123845000: Data=0x2f6dc3deee543851
[SCB] PASS #13 @ 123858000: Data=0x44ffee78348640ca
[SCB] PASS #14 @ 123871000: Data=0x747c2cb594ed1cba
[SCB] PASS #15 @ 123884000: Data=0x215df9f717348ea5
[SCB] PASS #16 @ 123897000: Data=0x3a1d5fef5dad82b1
[WARN] wait_drain timed out after 5000 ns
  --- Part C: Single underflow attempt ---
  [FLAG] OK:   fifo_empty before underflow = 1 @ 128776000
[SCB] PASS #17 @ 129032000: Data=0x0345f0bc80c05d04
  --- Part D: 10 back-to-back underflow reads ---
[SCB] PASS #18 @ 129864000: Data=0x38c192de6edea526

  ==========================================================================
    SCOREBOARD REPORT  test_overflow_underflow
  ==========================================================================
    Writes seen   : 18
    Reads seen    : 18
    Queue residual: 0  (should be 0)
    PASSED        : 18
    FAILED        : 0
  --------------------------------------------------------------------------
    RESULT >> ** PASSED **
  ==========================================================================
  +----------------------------------------------------------------------+
  |  DONE:  test_overflow_underflow                              [PASS]  |
  +----------------------------------------------------------------------+

  +----------------------------------------------------------------------+
  |  START: test_reset_scenarios                                        |
  +----------------------------------------------------------------------+

  --- Part A: Reset when empty ---
  [FLAG] OK:   fifo_empty before reset = 1 @ 130336000
  [FLAG] OK:   fifo_empty after reset = 1 @ 130466000
  [FLAG] OK:   fifo_full after reset = 0 @ 130466000
[SCB] PASS #1 @ 130566000: Data=0xc3ca538d0de55d66
  --- Part B: Reset when full ---
[WARN] wait_drain timed out after 5000 ns
  [FLAG] OK:   fifo_full before reset = 1 @ 135917000
  [FLAG] OK:   fifo_empty after full-reset = 1 @ 136036000
  [FLAG] OK:   fifo_full after full-reset = 0 @ 136036000
[SCB] PASS #1 @ 136143000: Data=0xf0e5000000000001
  --- Part C: Reset when partially filled ---
[WARN] wait_drain timed out after 5000 ns
  [FLAG] OK:   fifo_empty after partial-reset = 1 @ 141616000
[SCB] PASS #1 @ 141720000: Data=0x1c60825a788c213c
  --- Part D: Reset during active write ---
  [FLAG] OK:   fifo_empty after wr-during-reset = 1 @ 142146000
[SCB] PASS #1 @ 142253000: Data=0x43fa8cf01f67689d
  --- Part E: Reset during active read ---
[WARN] wait_drain timed out after 5000 ns
  [FLAG] OK:   fifo_empty after rd-during-reset = 1 @ 147676000
[SCB] PASS #1 @ 147778000: Data=0x58428e786588e7cd
  --- Part F: Simultaneous reset + write ---
  [FLAG] OK:   fifo_empty after simul wr+reset = 1 @ 148196000
[SCB] PASS #1 @ 148298000: Data=0x3cfc59a8a675bc1d
  --- Part G: Simultaneous reset + read ---
[WARN] wait_drain timed out after 5000 ns
  [FLAG] OK:   fifo_empty after simul rd+reset = 1 @ 153716000
[SCB] PASS #1 @ 153823000: Data=0xe4bc9c29b9f253ad

  ==========================================================================
    SCOREBOARD REPORT  test_reset_scenarios
  ==========================================================================
    Writes seen   : 1
    Reads seen    : 1
    Queue residual: 0  (should be 0)
    PASSED        : 1
    FAILED        : 0
  --------------------------------------------------------------------------
    RESULT >> ** PASSED **
  ==========================================================================
  +----------------------------------------------------------------------+
  |  DONE:  test_reset_scenarios                                 [PASS]  |
  +----------------------------------------------------------------------+

  +----------------------------------------------------------------------+
  |  START: test_clock_ratio                                            |
  +----------------------------------------------------------------------+

  --- Part A: Fast write (200 MHz) / Slow read (50 MHz) ---
[SCB] PASS #1 @ 154567000: Data=0x4845f05f82f6a55c
[SCB] PASS #2 @ 154587000: Data=0xb5e49f22faded15c
[SCB] PASS #3 @ 154607000: Data=0xd850b0d9f92b106a
[SCB] PASS #4 @ 154627000: Data=0xab6b0533e4fad24d
[SCB] PASS #5 @ 154647000: Data=0x65d7ee9293dfa661
[SCB] PASS #6 @ 154667000: Data=0x64dea68b75710afe
[SCB] PASS #7 @ 154687000: Data=0x09bb50f3534170ec
[SCB] PASS #8 @ 154707000: Data=0xc7ebe0191da40281
[WARN] wait_drain timed out after 5000 ns
  --- Part B: Slow write (50 MHz) / Fast read (200 MHz) ---
[SCB] PASS #1 @ 159782000: Data=0xd642e8becbb72295
[SCB] PASS #2 @ 159802000: Data=0x4ffc6dceda691a49
[SCB] PASS #3 @ 159822000: Data=0x66f5d5332552b4fc
[SCB] PASS #4 @ 159842000: Data=0xc2393f71d08537b2
[WARN] wait_drain timed out after 5000 ns
  --- Part C: Same frequency (100 MHz both) ---
[SCB] PASS #1 @ 164972000: Data=0xb2d6a2da2abd10d3
[SCB] PASS #2 @ 164982000: Data=0xfd7b4f5d40c316be
[SCB] PASS #3 @ 164992000: Data=0x3d4374d1016dfb39
[SCB] PASS #4 @ 165002000: Data=0xeedc8957e7a6ea3f
[SCB] PASS #5 @ 165012000: Data=0x58a463030075a32a
[SCB] PASS #6 @ 165022000: Data=0x1edbe57e24464bbf
[SCB] PASS #7 @ 165032000: Data=0xecd4125f40184fac
[SCB] PASS #8 @ 165042000: Data=0x8a0dff48eccba09f
[WARN] wait_drain timed out after 5000 ns

  ==========================================================================
    SCOREBOARD REPORT  test_clock_ratio
  ==========================================================================
    Writes seen   : 8
    Reads seen    : 8
    Queue residual: 0  (should be 0)
    PASSED        : 8
    FAILED        : 0
  --------------------------------------------------------------------------
    RESULT >> ** PASSED **
  ==========================================================================
  +----------------------------------------------------------------------+
  |  DONE:  test_clock_ratio                                     [PASS]  |
  +----------------------------------------------------------------------+

  +----------------------------------------------------------------------+
  |  START: test_stress                                                 |
  +----------------------------------------------------------------------+

  --- Running 10 random stress scenarios ---
    Scenario 0: type=2
[SCB] PASS #1 @ 170167000: Data=0x6a6f951ff94567f2
[SCB] PASS #2 @ 170622000: Data=0x1c9ededa224f9d95
[SCB] PASS #3 @ 171064000: Data=0x87fec5539ad6082d
[SCB] PASS #4 @ 171506000: Data=0x2d83ad123da99cba
[SCB] PASS #5 @ 171961000: Data=0x8a7df24df9ce2e66
[SCB] PASS #6 @ 172416000: Data=0xab9acc2e56020da9
[SCB] PASS #7 @ 172845000: Data=0xa718d56e5a0a781f
[SCB] PASS #8 @ 173300000: Data=0xac43977932118333
    Scenario 1: type=2
[SCB] PASS #9 @ 173755000: Data=0xf5d46908dcf66c5c
[SCB] PASS #10 @ 174184000: Data=0x4014527c8e028530
[SCB] PASS #11 @ 174626000: Data=0x40d8c03c35afb517
[SCB] PASS #12 @ 175081000: Data=0xbf757346b3a7d6a0
[SCB] PASS #13 @ 175536000: Data=0xb449af1c8cabc0fd
[SCB] PASS #14 @ 175965000: Data=0x3568ab067ba86d86
[SCB] PASS #15 @ 176420000: Data=0x24ab6d9521a86e42
[SCB] PASS #16 @ 176875000: Data=0xb707e7a9f43a94d0
    Scenario 2: type=1
[WARN] wait_drain timed out after 5000 ns
[SCB] PASS #17 @ 182244000: Data=0xa22c7380bbcd3f25
[SCB] PASS #18 @ 182257000: Data=0x1521d3fab5fbd824
[SCB] PASS #19 @ 182270000: Data=0xd0767a3b86f7ce0d
[SCB] PASS #20 @ 182283000: Data=0x495b5f7f470b1626
[SCB] PASS #21 @ 182296000: Data=0x6f62af9cfd29a774
[SCB] PASS #22 @ 182309000: Data=0x2e141873227672e8
[SCB] PASS #23 @ 182322000: Data=0x2d9c8f7efc211436
[SCB] PASS #24 @ 182335000: Data=0x09ecba258e98fe84
[SCB] PASS #25 @ 182348000: Data=0xcf8abbcb5fe41072
[SCB] PASS #26 @ 182361000: Data=0x5bbcf1751679e6c9
[SCB] PASS #27 @ 182374000: Data=0x6089fd05452fe316
[WARN] wait_drain timed out after 5000 ns
    Scenario 3: type=2
[SCB] PASS #28 @ 187314000: Data=0xf845e5fda3ce39e3
[SCB] PASS #29 @ 187756000: Data=0x84f88c18d2b000b2
[SCB] PASS #30 @ 188211000: Data=0xc6ab197a0ea04b50
[SCB] PASS #31 @ 188666000: Data=0x2559faf85bcd163e
[SCB] PASS #32 @ 189095000: Data=0x8f1b31da17a8e1d4
[SCB] PASS #33 @ 189550000: Data=0x3674e24ab374acb3
[SCB] PASS #34 @ 190005000: Data=0xd76ba0c5914009f4
[SCB] PASS #35 @ 190434000: Data=0x5d165a4074ba6d27
    Scenario 4: type=0
[SCB] PASS #36 @ 190876000: Data=0x23d9ac0abe07e077
[SCB] PASS #37 @ 190889000: Data=0x7c2a3223098615e0
[SCB] PASS #38 @ 190902000: Data=0x3773d50241a15cc4
[SCB] PASS #39 @ 190915000: Data=0xf11921ded2ceadf3
[SCB] PASS #40 @ 190928000: Data=0x8c3a83493b3ef92c
[SCB] PASS #41 @ 190941000: Data=0xa7bd499a50574456
[SCB] PASS #42 @ 190954000: Data=0x9646074264caf95e
[SCB] PASS #43 @ 190967000: Data=0xb24c3b3c4d49b9d4
[WARN] wait_drain timed out after 5000 ns
    Scenario 5: type=4
[WARN] wait_drain timed out after 5000 ns
[SCB] PASS #44 @ 200834000: Data=0x30334b3d7178f0b9
[SCB] PASS #45 @ 200847000: Data=0x4267031fb194c6c6
[SCB] PASS #46 @ 200860000: Data=0xf3a399aef3520d64
[SCB] PASS #47 @ 200873000: Data=0x316f37bc93ce5bd5
[SCB] PASS #48 @ 200886000: Data=0xeb65e1f2a7f07010
[SCB] PASS #49 @ 200899000: Data=0xb561ab239ee352f9
[SCB] PASS #50 @ 200912000: Data=0x4421847308f47a71
[SCB] PASS #51 @ 200925000: Data=0xb9d2cf57353d3178
[WARN] wait_drain timed out after 5000 ns
    Scenario 6: type=2
[SCB] PASS #52 @ 205904000: Data=0x93a0c47e4ce1c997
[SCB] PASS #53 @ 206346000: Data=0x8fde59ab63a52df4
[SCB] PASS #54 @ 206801000: Data=0x6f661e430b27c9d9
[SCB] PASS #55 @ 207256000: Data=0x315be5ea0e580b2c
[SCB] PASS #56 @ 207685000: Data=0x2ef4e3d00e0abb69
[SCB] PASS #57 @ 208140000: Data=0x92b6a125f4f69a04
[SCB] PASS #58 @ 208595000: Data=0xc45df40f0cc88249
[SCB] PASS #59 @ 209024000: Data=0x0665b7ba4ddc8149
    Scenario 7: type=1
[WARN] wait_drain timed out after 5000 ns
[SCB] PASS #60 @ 214406000: Data=0x4dc8d4db43816033
[SCB] PASS #61 @ 214419000: Data=0xbfb42d35649f432e
[SCB] PASS #62 @ 214432000: Data=0xe30e65869cebd20e
[SCB] PASS #63 @ 214445000: Data=0x88bb5eed461488ef
[SCB] PASS #64 @ 214458000: Data=0x697f25b798b4c1c5
[SCB] PASS #65 @ 214471000: Data=0xe79f22f55f62cefb
[SCB] PASS #66 @ 214484000: Data=0xb0b705df99c6638e
[SCB] PASS #67 @ 214497000: Data=0x1c557863dbba04de
[SCB] PASS #68 @ 214510000: Data=0x64d18950397a6932
[SCB] PASS #69 @ 214523000: Data=0x74d30c621a9d8a82
[SCB] PASS #70 @ 214536000: Data=0xcaf1e1bc6d3c62b9
[WARN] wait_drain timed out after 5000 ns
    Scenario 8: type=2
[SCB] PASS #71 @ 219476000: Data=0x2abc94472e410776
[SCB] PASS #72 @ 219905000: Data=0x32b3e8bcca13fd6c
[SCB] PASS #73 @ 220360000: Data=0xa32bb6a4ff08a251
[SCB] PASS #74 @ 220815000: Data=0x198238cc6a7d3a7e
[SCB] PASS #75 @ 221244000: Data=0x18c6e337f211f10e
[SCB] PASS #76 @ 221686000: Data=0xb9677b95f62257f3
[SCB] PASS #77 @ 222141000: Data=0xa48821e3b6836f4b
[SCB] PASS #78 @ 222596000: Data=0x75afbf1a6bd2c860
    Scenario 9: type=2
[SCB] PASS #79 @ 223025000: Data=0x14ac052128307bed
[SCB] PASS #80 @ 223480000: Data=0xb10eff1b17992395
[SCB] PASS #81 @ 223935000: Data=0x0d005a8bb800da19
[SCB] PASS #82 @ 224364000: Data=0xf1c515cd6c6bce96
[SCB] PASS #83 @ 224806000: Data=0x5a25b76b3eebec6d
[SCB] PASS #84 @ 225261000: Data=0xeba43c66d81bae9d
[SCB] PASS #85 @ 225716000: Data=0xb5b87d6bcf5200b6
[SCB] PASS #86 @ 226145000: Data=0xb95d3e871eea4707

  ==========================================================================
    SCOREBOARD REPORT  test_stress
  ==========================================================================
    Writes seen   : 86
    Reads seen    : 86
    Queue residual: 0  (should be 0)
    PASSED        : 86
    FAILED        : 0
  --------------------------------------------------------------------------
    RESULT >> ** PASSED **
  ==========================================================================
  +----------------------------------------------------------------------+
  |  DONE:  test_stress                                          [PASS]  |
  +----------------------------------------------------------------------+


  ########################################################################
                         FINAL TEST SUMMARY                               
  ########################################################################
  #     Test Name                            Result
  ----  -----------------------------------  ------
  1     test_basic_rw                        PASS  
  2     test_fill_drain_wrap                 PASS  
  3     test_burst_streaming                 PASS  
  4     test_flag_behavior                   PASS  
  5     test_data_integrity                  PASS  
  6     test_overflow_underflow              PASS  
  7     test_reset_scenarios                 PASS  
  8     test_clock_ratio                     PASS  
  9     test_stress                          PASS  
  ----------------------------------------------------------------------
  Total: 9 tests  |  9 PASSED  |  0 FAILED
  ----------------------------------------------------------------------
  OVERALL RESULT  >>  ** ALL TESTS PASSED **
  ########################################################################

Simulation complete via $finish(1) at time 226495500 PS + 1
/scratch/users/sdash/Async-FIFO-/verif/tb/fifo_tb_top.sv:237         $finish;
xcelium> exit
TOOL:	xrun	24.09-s001: Exiting on Mar 16, 2026 at 16:53:44 IST  (total: 00:00:16)
